Flutter crash report; please file at https://github.com/flutter/flutter/issues.

## command

flutter build flx --suppress-analytics --target C:\Data\github\flutter_oauth_acg_generic\lib\main.dart --preview-dart-2 --output-file C:\Data\github\flutter_oauth_acg_generic\build\app\intermediates\flutter\debug/app.flx --depfile C:\Data\github\flutter_oauth_acg_generic\build\app\intermediates\flutter\debug/snapshot_blob.bin.d --working-dir C:\Data\github\flutter_oauth_acg_generic\build\app\intermediates\flutter\debug/flutter_assets

## exception

FileSystemException: FileSystemException: Deletion failed, path = 'C:\Data\github\flutter_oauth_acg_generic\build\app\intermediates\flutter\debug/flutter_assets' (OS Error: The directory is not empty.
, errno = 145)

```
#0      _Directory._deleteSync (dart:io/directory_impl.dart:174)
#1      FileSystemEntity.deleteSync (dart:io/file_system_entity.dart:451)
#2      ForwardingFileSystemEntity.deleteSync (package:file/src/forwarding/forwarding_file_system_entity.dart:68)
#3      _ArchiveZipBuilder.createZip (package:flutter_tools/src/zip.dart:37)
<asynchronous suspension>
#4      assemble (package:flutter_tools/src/flx.dart:178)
<asynchronous suspension>
#5      build (package:flutter_tools/src/flx.dart:104)
<asynchronous suspension>
#6      BuildFlxCommand.runCommand (package:flutter_tools/src/commands/build_flx.dart:50)
<asynchronous suspension>
#7      FlutterCommand.verifyThenRunCommand (package:flutter_tools/src/runner/flutter_command.dart:290)
<asynchronous suspension>
#8      FlutterCommand.run (package:flutter_tools/src/runner/flutter_command.dart:228)
<asynchronous suspension>
#9      CommandRunner.runCommand (package:args/command_runner.dart:194)
<asynchronous suspension>
#10     FlutterCommandRunner.runCommand (package:flutter_tools/src/runner/flutter_command_runner.dart:286)
<asynchronous suspension>
#11     CommandRunner.run.<anonymous closure> (package:args/command_runner.dart:109)
#12     new Future.sync (dart:async/future.dart:222)
#13     CommandRunner.run (package:args/command_runner.dart:109)
#14     FlutterCommandRunner.run (package:flutter_tools/src/runner/flutter_command_runner.dart:166)
#15     run.<anonymous closure> (package:flutter_tools/runner.dart:90)
<asynchronous suspension>
#16     AppContext._run (package:flutter_tools/src/base/context.dart:76)
<asynchronous suspension>
#17     AppContext.runInZone.<anonymous closure> (package:flutter_tools/src/base/context.dart:66)
#18     _rootRun (dart:async/zone.dart:1126)
#19     _CustomZone.run (dart:async/zone.dart:1023)
#20     runZoned (dart:async/zone.dart:1501)
#21     AppContext.runInZone (package:flutter_tools/src/base/context.dart:65)
#22     run (package:flutter_tools/runner.dart:61)
<asynchronous suspension>
#23     main (package:flutter_tools/executable.dart:48)
<asynchronous suspension>
#24     main (file:///f:/data/flutter/packages/flutter_tools/bin/flutter_tools.dart:16)
#25     _startIsolate.<anonymous closure> (dart:isolate-patch/dart:isolate/isolate_patch.dart:277)
#26     _RawReceivePortImpl._handleMessage (dart:isolate-patch/dart:isolate/isolate_patch.dart:165)
```

## flutter doctor

```
[✓] Flutter (Channel beta, v0.2.3, on Microsoft Windows [Version 6.1.7601], locale en-US)
    • Flutter version 0.2.3 at F:\data\flutter
    • Framework revision 5a58b36e36 (4 weeks ago), 2018-03-13 13:20:13 -0700
    • Engine revision e61bb9ac3a
    • Dart version 2.0.0-dev.35.flutter-290c576264

[!] Android toolchain - develop for Android devices (Android SDK 26.0.2)
    • Android SDK at C:\Users\u6f2\AppData\Local\Android\sdk
    • Android NDK location not configured (optional; useful for native profiling support)
    • Platform android-27, build-tools 26.0.2
    • Java binary at: F:\Program Files\Android\Android Studio\jre\bin\java
    • Java version OpenJDK Runtime Environment (build 1.8.0_152-release-1024-b02)
    ✗ Android license status unknown.

[✓] Android Studio (version 3.1)
    • Android Studio at F:\Program Files\Android\Android Studio
    • Java version OpenJDK Runtime Environment (build 1.8.0_152-release-1024-b02)

[✓] Connected devices (1 available)
    • Android SDK built for x86 • emulator-5554 • android-x86 • Android 7.1.1 (API 25) (emulator)

! Doctor found issues in 1 category.
```
